<?xml version="1.0" encoding="UTF-8"?>
<!-- Generated by org.testng.reporters.JUnitReportReporter -->
<<<<<<< HEAD
<testsuite hostname="Ganesh" failures="0" tests="1" name="Demo.DemoTest" time="0.016" errors="0" timestamp="2022-11-21T12:00:04 IST" skipped="0">
  <testcase classname="Demo.DemoTest" name="demo" time="0.016"/>
=======
<testsuite hostname="Ganesh" failures="0" tests="1" name="Demo.DemoTest" time="0.010" errors="0" timestamp="2022-11-21T11:54:40 IST" skipped="0">
  <testcase classname="Demo.DemoTest" name="demo" time="0.010"/>
>>>>>>> branch 'master' of https://github.com/kanisattiGanesh/WASM6.Demo.git
  <system-out/>
</testsuite> <!-- Demo.DemoTest -->
