<?xml version="1.0" encoding="UTF-8"?>
<!-- Generated by org.testng.reporters.JUnitReportReporter -->
<<<<<<< HEAD
<testsuite hostname="Ganesh" failures="0" tests="1" name="Demo.Package" time="0.016" errors="0" timestamp="2022-11-21T11:33:29 IST" skipped="0">
  <testcase classname="Demo.Package" name="demo" time="0.016"/>
=======
<testsuite hostname="Ganesh" failures="0" tests="1" name="Demo.Package" time="0.012" errors="0" timestamp="2022-11-21T10:57:01 IST" skipped="0">
  <testcase classname="Demo.Package" name="demo" time="0.012"/>
>>>>>>> branch 'master' of https://github.com/kanisattiGanesh/WASM6.Demo.git
  <system-out/>
</testsuite> <!-- Demo.Package -->
