<?xml version="1.0" encoding="UTF-8"?>
<!-- Generated by org.testng.reporters.JUnitReportReporter -->
<testsuite hostname="Ganesh" failures="0" tests="1" name="Demo.Package" time="0.016" errors="0" timestamp="2022-11-21T12:10:07 IST" skipped="0">
  <testcase classname="Demo.Package" name="demo" time="0.016"/>
  <system-out/>
</testsuite> <!-- Demo.Package -->
