<?xml version="1.0" encoding="UTF-8"?>
<!-- Generated by org.testng.reporters.JUnitReportReporter -->
<testsuite hostname="Ganesh" failures="0" tests="1" name="Demo.PracticeTest" time="0.012" errors="0" timestamp="2022-11-22T11:24:51 IST" skipped="0">
  <testcase classname="Demo.PracticeTest" name="practice" time="0.012"/>
  <system-out/>
</testsuite> <!-- Demo.PracticeTest -->
